-------------------------------------------------------------------------------
Test set: TestSuite
-------------------------------------------------------------------------------
Tests run: 1, Failures: 1, Errors: 0, Skipped: 0, Time elapsed: 9.493 s <<< FAILURE! - in TestSuite
createSolution(testFramework.ArcherTest)  Time elapsed: 0.108 s  <<< FAILURE!
java.lang.NullPointerException
	at testFramework.ArcherTest.createSolution(ArcherTest.java:42)

