<?xml version="1.0" encoding="UTF-8"?>
<testsuite xmlns:xsi="http://www.w3.org/2001/XMLSchema-instance" xsi:noNamespaceSchemaLocation="https://maven.apache.org/surefire/maven-surefire-plugin/xsd/surefire-test-report.xsd" name="TestSuite" time="9.493" tests="1" errors="0" skipped="0" failures="1">
  <properties>
[...]
</properties>
  <testcase name="createSolution" classname="testFramework.ArcherTest" time="0.108">
    <failure type="java.lang.NullPointerException">java.lang.NullPointerException
	at testFramework.ArcherTest.createSolution(ArcherTest.java:42)
</failure>
    <system-out><![CDATA[C:\Users\wadhwa2\Downloads\Documentstobe saved\Materials\work\testFramework/src/main/java/com/testframework/properties/config/QA_env.properties
https://tracker.wal-mart.com/browse/{}
https://tracker.wal-mart.com/browse/{}
[13:11:51]-[main] INFO  com.testframework.common.BaseTest  [151]- C:\Users\wadhwa2\Downloads\Documentstobe saved\Materials\work\testFramework/src/test/resources/dependency/Chrome_4.0/chromedriver.exe
[13:11:55]-[main] INFO  com.testframework.common.BaseTest  [165]- Browser:chrome Version:67.0.3396.99 Platform:XP
[13:11:55]-[main] INFO  com.testframework.common.BaseTest  [168]- Driver started: ChromeDriver: chrome on XP (6c10308673102ba774478acbc7aefb62)
[13:11:55]-[main] INFO  com.testframework.common.BaseTest  [59]- ********** Executing test ********** :- createSolution
[13:11:55]-[main] INFO  com.testframework.common.BaseTest  [283]- Loading Archer Login Page
[13:11:56]-[main] INFO  com.testframework.pageclasses.LoginPage  [34]- On Login Page
true
]]></system-out>
    <system-err><![CDATA[SLF4J: Failed to load class "org.slf4j.impl.StaticLoggerBinder".
SLF4J: Defaulting to no-operation (NOP) logger implementation
SLF4J: See http://www.slf4j.org/codes.html#StaticLoggerBinder for further details.
log4j:WARN No appenders could be found for logger (com.testframework.common.PropertyReader).
log4j:WARN Please initialize the log4j system properly.
log4j:WARN See http://logging.apache.org/log4j/1.2/faq.html#noconfig for more info.
Starting ChromeDriver 2.40.565498 (ea082db3280dd6843ebfb08a625e3eb905c4f5ab) on port 37940
Only local connections are allowed.
Jul 13, 2018 1:11:55 PM org.openqa.selenium.remote.ProtocolHandshake createSession
INFO: Detected dialect: OSS
]]></system-err>
  </testcase>
</testsuite>