<?xml version="1.0" encoding="UTF-8"?>
<!-- Generated by org.testng.reporters.JUnitXMLReporter -->
<testsuite hostname="INENWADHWA2L1C" name="Test" tests="1" failures="1" timestamp="13 Jul 2018 07:42:00 GMT" time="8.542" errors="0">
  <testcase name="createSolution" time="0.099" classname="testFramework.ArcherTest">
    <failure type="java.lang.NullPointerException">
      <![CDATA[java.lang.NullPointerException
	at com.testframework.common.DriverMethods.implicitlyWait(DriverMethods.java:517)
	at com.testframework.common.DriverMethods.clickPerformWhenReady(DriverMethods.java:368)
	at com.testframework.pageclasses.HomePage.createSolution(HomePage.java:20)
	at testFramework.ArcherTest.createSolution(ArcherTest.java:42)
... Removed 27 stack frames]]>
    </failure>
  </testcase> <!-- createSolution -->
</testsuite> <!-- Test -->
